[    0.000000] Initializing cgroup subsys cpuset
[  0.000000] Initializing cgroup subsys cpu
[    0.000000] Initializing cgroup subsys cpuacct
[    0.000000] Linux version 4.4.0-142-generic (buildd@lgw01-amd64-033) (gcc version 5.4.0 20160609 (Ubuntu 5.4.0-6ubuntu1~16.04.10) ) #168-Ubuntu SMP Wed Jan 16 21:00:45 UTC 2019 (Ubuntu 4.4.0-142.168-generic 4.4.167)
[   0.0000]ommand line: BOOT_IMAGE=/boot/vmlinuz-4.4.0-142-generic root=LABEL=cloudimg-rootfs ro console=tty1 console=ttyS0
[   000000] KERNEL supported cpus:
[    0.000000]   Intel GenuineIntel
[    0.000000]   AMD AuthenticAMD
[  0.000000]   Centaur CentaurHauls
[    0.000000] x86/fpu: xstate_offset[2]:  576, xstate_sizes[2]:  256
[    0.000000] x86/fpu: Supporting XSAVE feature 0x01: 'x87 floating point registers'
[   0.000000] x86/fpu: Supporting XSAVE feature 0x02: 'SSE registers'
[  000000]x8fp: Supporting XSAVE feature 0x04: 'AVX registers'
[    0.0000000] x86/fpu: Enabled xstate features 0x7, context size is 832 bytes, using 'standard' format.
[    0.000000] e820: BIOS-provided physical RAM map:
[    0.000000] BIOS-e820: [mem 0x0000000000000000-0x000000000009fbff] usable
[    0.000000] BIOS-e820: [mem 0x000000000009fc00-0x000000000009ffff] reserved
[    0.000000] BIOS-e820: [mem 0x00000000000f0000-0x00000000000fffff] reserved
[    0.000000] BIOS-e820: [mem 0x00000000100000-0x00000000dffeffff] usable
[   0.000000] BIOS-e820: [mem 0x00000000dfff0000-0x00000000dfffffff] ACPI data
[    0.000000] BIOS-e820: [mem 0x00000000fec00000-0x00000000fec00fff] reserved
[    0.000000] BIOS-e820: [mem 0x00000000fee00000-0x00000000fee00fff] reserved
[    0.000000] BIOS-e820: [mem 0x00000000fffc0000-0x00000000ffffffff] reserved
[    0.000000] BIS-e820: [mem 0x0000000100000000-0x000000011b7ffff] usable
[    0.000000] NX (Execute Disable) protection: active
[    0.000000] SMBIOS 2.5 present.
[  000000] Hypervisor detected: KVM
[  0000000] e820: last_pfn = 0x11b800 max_arch_pfn = 0x400000000
[    0.000000] MTRR: Disabled
[    0.000000] x86/PAT: MTRRs disabled, skipping PAT initialization too.
[    0.000000] CPU MTRRs all blank - virtualized system.
[    0.000000] x86/PAT: Configuration [0-7]: WB  WT  UC- UC  WB  WT  UC- UC  
[  0.000000] e820: last_pfn = 0xdfff0 max_arch_pfn = 0x400000000
[   0.000000] found SMP MP-table at [mem 0x0009fff0-0x0009ffff] mapped at [ffff88000009fff0]
[  000000] Scanning 1 areas for low memory corruption
[    0.000000] RAMDISK: [mem 0x3630a000-0x3717cfff]
[    0.000000] ACPI: Early table checcksum verification disabled
[  0000000] ACPI: RSDP 0x00000000000E0000 000024 (v02 VBOX  )
[    0.000000] ACPI: XSDT 0x00000000DFFF0030 00003C (v01 VBOX   VBOXXSDT 00000001 ASL  00000061)
[    0.000000] ACPI: FACP 0x00000000DFFF00F0 0000F4 (v04 VBOX   VBOXFACP 00000001 ASL  00000061)
[    0.000000] ACPI: DSDT 0x00000000DFFF0470 0021FF (v02 VBOX   VBOXBIOS 00000002 INTL 20100528)
[    0.000000] ACPI: FACS 0x00000000DFFF0200 000040
[    0.000000] ACPI: FACS 0x00000000DFFF0200 000040
[    0.000000] ACPI: APIC 0x00000000DFFF0240 00005C (v02 VBOX   VBOXAPIC 00000001 ASL  00000061)
[    0.000000] ACPI: SSDT 0x00000000DFFF02A0 0001CC (v01 VBOX   VBOXCPUT 00000002 INTL 20100528)
[  0000000] No NUMA configuration found
[    0.000000] Faking a node at [mem 0x0000000000000000-0x000000011b7fffff]
[    0.000000] NODE_DATA(0) allocated [mem 0x11b7f9000-0x11b7fdfff]
[  .000000] kvm-clock: Using msrs 4b564d01 and 4b564d00
[    0.000000] kvm-clock: cpu  m 1:1b7f1001, primary cpu clock
[    0.000000] kvm-clock: using sced offset of 3789282558 cycles
[   .000] clocksource: kvm-clock: mask: 0xffffffffffffffff max_cycles: 0x1cd42e4dffb, max_idle_ns: 881590591483 ns
[  .000000] Zone ranges:
[    0.000000]   DMA      [mem 0x0000000000001000-0x0000000000ffffff]
[  000000   DMA32    [mem 0x0000000001000000-0x00000000ffffffff]
[    0.000000]   Normal   [mem 0x0000000100000000-0x000000011b7fffff]
[    0.000000]   Device   empty
[    0.000000] Movable zone start for each node
[    0.000000] Early memory node ranges
[    0.000000]   node   0: [mem 0x0000000000001000-0x000000000009efff]
[   0.000000]   node   0: [mem 0x0000000000100000-0x00000000defff]
[    0.000000]   node   0: [mem 0x0000000100000000-0x000000011b7fffff]
[    0.000000] Initmem setup node 0 emx0000000000001000-0x000000011b7fffff]
[  0000000] ACPI: PM-Timer IO Port: 0x4008
[  0.000000] IOAPIC[0]: apic_id 2, version 32, address 0xfec00000, GSI 0-23
[    0.000000] ACPI: INT_SRCVR (bus 0 bus_irq 0 global_irq 2 dfl dfl)
[   .00000] ACPI: INT_SRC_OVR (bus 0 bus_irq 9 global_irq 9 low level)
[  0.000000] Using ACPI (MADT) for SMP configuration information
[    0.000000] smpboot: Allowing 2 CPUs, 0 hotplug CPUs
[    0.000000] PM: Registered nosave memory: [mem 0x00000000-0x00000fff]
[    0.000000] PM: Registered nosave memory: [mem 0x0009f000-0x0009ffff]
[    0.000000] PM: Registered nosave memory: [mem 0x000a0000-0x000effff]
[    0.000000] PM: Registered nosave memory: [mem 0x000f0000-0x000fffff]
[    0.000000] PM: Registered nosave memory: [mem 0xdfff0000-0xdfffffff]
[    0.000000] PM: Registered nosave memory: [mem 0xe0000000-0xfebfffff]
[    0.000000] PM: Registered nosave memory: [mem 0xfec00000-0xfec00fff]
[    0.000000] PM: Regstered nosave memory: [mem 0xfec01000-0xfedfffff]
[    0.000000] PM: Reggitered nosave memory: [mem 0xfee00000-0xfee00fff]
[    0.000000] PM: Registered nosave memory: [mem 0xfee01000-0xfffbffff]
[    0.000000] PM: Registered nosave memory: [mem 0xfffc0000-0xffffffff]
[    0.000000] e820: [mem 0xe0000000-0xfebfffff] available for PCI devices
[    0.000000] Booting paravirtualized kernel on KVM
[    0.000000] clocksource: refined-jiffies: mask: 0xffffffff max_cycles: 0xfffffff, max_idle_ns: 7645519600211568 ns
[  000000]etp_percpu: NR_CPUS:512 nr_cpuma_bits:512 nr_cpu_ids:2 nr_node_ids:1
[    0.000000] PCPU: Embedded 34 pages/cpu @ffff88011b400000 s99480 r8192 d31592 u1048576
[    0.000000] Built 1 zonelists in Node ordder,obity grouping on.  Total pages: 1013912
[    0.000000] Policy zone: Normal
[    0.000000] Kernel command line: BOOTT_IMAGE=/boot/vmlinuz-4.4.0-142-generic root=LABEL=cloumgootfs ro console=tty1 nsle=tS0
[   0.000] PIDastable entries: 4096 (order: 3, 32768 bytes)
[    0.000000] Memory: 3954528K/4120120K available (8603K kernel code, 1332K rwdata, 4004K rodata, 1484K init, 1316K bss, 165592K reserved, 0K cma-reserved)
[  0000000] SLUB: HWalign=64, Order=0-3, MinObjects=0, CPUs=2, Nodes=1
[  000000] Kernel/User page tables isolation: enabled
[  0000000] Hiarchical RCU imementti.
[    0.000000] 	Build-time adjustment of leaf fanout to 4.
[  0.0000]RCrestrtig CPUfrom NR_CPUS=512 to nr_cpu_ids=2.
[   0.000000] RCU: Adjusting geometry for rcu_fanout_leaf=64, nr_cpu_ids=2
[    0.000000] NRRQ:33024 nr_irqs:440 16
[  0.000000] Console: colour VGA+ 80x25
[    0.000000] console [tty1] enabled
[    0.000000] console [ttyS0] enabled
[   0.000000] tsc: Detected 2496.000 MHz processor
[    2.986581] Calibrating delay loop (skipped) preset value.. 4992.00 BogoMIPS (lpj=9984000)
[    3.020348] pid_max: default: 32768 minimum: 301
[    3.028520] ACPI: Core revision 20150930
[    3.037566] ACPI: 2 ACPI AML tables successfully acquired and loaded
[    3.045956] Security Framework initialized
[    3.047203] Yama: becoming mindful.
[    3.048251] AppArmor: AppArmor initialized
[    3.059058] Dentry cache hash table entries: 524288 (order: 10, 4194304 bytes)
[    3.068087] Inode-cache hash table entries: 262144 (order: 9, 2097152 bytes)
[    3.076793] Mount-cache hash table entries: 8192 (order: 4, 65536 bytes)
[    3.091820] Mountpoint-cache hash table entries: 8192 (order: 4, 65536 bytes)
[    3.096965] Initializing cgroup subsys io
[    3.104964] Initializing cgroup subsys memory
[    3.119094] Initializing cgroup subsys devices
[    3.127215] Initializing cgroup subsys freezer
[    3.141390] Initializing cgroup subsys net_cls
[    3.142377] Initializing cgroup subsys perf_event
[    3.143465] Initializing cgroup subsys net_prio
[    3.144717] Initializing cgroup subsys hugetlb
[    3.145749] Initializing cgroup subsys pids
[    3.148136] mce: CPU supports 0 MCE banks
[    3.161981] Last level iTLB entries: 4KB 64, 2MB 8, 4MB 8
[    3.163237] Last level dTLB entries: 4KB 64, 2MB 0, 4MB 0, 1GB 4
[    3.164515] Spectre V2 : Mitigation: Full generic retpoline
[    3.165789] Spectre V2 : Spectre v2 / SpectreRSB mitigation: Filling RSB on context switch
[    3.181714] Speculative Store Bypass: Vulnerable
[    3.192482] Freeing SMP alternatives memory: 32K
[    3.205964] ftrace: allocating 32277 entries in 127 pages
[    3.272450] smpboot: APIC(0) Converting physical 0 to logical package 0
[    3.273952] smpboot: Max logical packages: 1
[    3.275265] x2apic enabled
[    3.283197] Switched APIC routing to physical x2apic.
[    3.321961] ..TIMER: vector=0x30 apic1=0 pin1=2 apic2=-1 pin2=-1
[    3.434632] smpboot: CPU0: Intel(R) Core(TM) i5-6300U CPU @ 2.40GHz (family: 0x6, model: 0x4e, stepping: 0x3)
[    3.453449] Performance Events: unsupported p6 CPU model 78 no PMU driver, software events only.
[    3.466579] KVM setup paravirtual spinlock
[    3.484443] x86: Booting SMP configuration:
[    3.485551] .... node  #0, CPUs:      #1
[    3.486659] kvm-clock: cpu 1, msr 1:1b7f1041, secondary cpu clock
[    3.488918] mce: CPU supports 0 MCE banks
[    3.491715] x86: Booted up 1 node, 2 CPUs
[    3.501255] smpboot: Total of 2 processors activated (9984.00 BogoMIPS)
[    3.509862] devtmpfs: initialized
[    3.519788] evm: security.selinux
[    3.529096] evm: security.SMACK64
[    3.536444] evm: security.SMACK64EXEC
[    3.543836] evm: security.SMACK64TRANSMUTE
[    3.553714] evm: security.SMACK64MMAP
[    3.567003] evm: security.ima
[    3.569064] evm: security.capability
[    3.584052] clocksource: jiffies: mask: 0xffffffff max_cycles: 0xffffffff, max_idle_ns: 7645041785100000 ns
[    3.586533] futex hash table entries: 512 (order: 3, 32768 bytes)
[    3.594324] pinctrl core: initialized pinctrl subsystem
[    3.595985] RTC time: 21:13:30, date: 03/21/19
[    3.597643] NET: Registered protocol family 16
[    3.611236] cpuidle: using governor ladder
[    3.624466] cpuidle: using governor menu
[    3.630118] PCCT header not found.
[    3.637459] ACPI: bus type PCI registered
[    3.651648] acpiphp: ACPI Hot Plug PCI Controller Driver version: 0.5
[    3.663278] PCI: Using configuration type 1 for base access
[    3.675718] ACPI: Added _OSI(Module Device)
[    3.677361] ACPI: Added _OSI(Processor Device)
[    3.679231] ACPI: Added _OSI(3.0 _SCP Extensions)
[    3.687250] ACPI: Added _OSI(Processor Aggregator Device)
[    3.701715] ACPI: Executed 1 blocks of module-level executable AML code
[    3.718796] ACPI: Interpreter enabled
[    3.721062] ACPI: (supports S0 S5)
[    3.722059] ACPI: Using IOAPIC for interrupt routing
[    3.736584] PCI: Using host bridge windows from ACPI; if necessary, use "pci=nocrs" and report a bug
[    3.758302] ACPI: PCI Root Bridge [PCI0] (domain 0000 [bus 00-ff])
[    3.759760] acpi PNP0A03:00: _OSC: OS supports [ASPM ClockPM Segments MSI]
[    3.767704] acpi PNP0A03:00: _OSC: not requesting OS control; OS requires [ExtendedConfig ASPM ClockPM MSI]
[    3.776298] acpi PNP0A03:00: fail to add MMCONFIG information, can't access extended PCI configuration space under this bridge.
[    3.785757] PCI host bridge to bus 0000:00
[    3.792572] pci_bus 0000:00: root bus resource [io  0x0000-0x0cf7 window]
[    3.800933] pci_bus 0000:00: root bus resource [io  0x0d00-0xffff window]
[    3.809647] pci_bus 0000:00: root bus resource [mem 0x000a0000-0x000bffff window]
[    3.827831] pci_bus 0000:00: root bus resource [mem 0xe0000000-0xfdffffff window]
[    3.838115] pci_bus 0000:00: root bus resource [bus 00-ff]
[    3.848453] pci 0000:00:01.1: legacy IDE quirk: reg 0x10: [io  0x01f0-0x01f7]
[    3.855622] pci 0000:00:01.1: legacy IDE quirk: reg 0x14: [io  0x03f6]
[    3.870034] pci 0000:00:01.1: legacy IDE quirk: reg 0x18: [io  0x0170-0x0177]
[    3.877133] pci 0000:00:01.1: legacy IDE quirk: reg 0x1c: [io  0x0376]
[    3.930796] pci 0000:00:07.0: quirk: [io  0x4000-0x403f] claimed by PIIX4 ACPI
[    3.933256] pci 0000:00:07.0: quirk: [io  0x4100-0x410f] claimed by PIIX4 SMB
[    3.967437] ACPI: PCI Interrupt Link [LNKA] (IRQs 5 9 10 *11)
[    3.986352] ACPI: PCI Interrupt Link [LNKB] (IRQs 5 9 *10 11)
[    3.995460] ACPI: PCI Interrupt Link [LNKC] (IRQs 5 *9 10 11)
[    4.015168] ACPI: PCI Interrupt Link [LNKD] (IRQs 5 9 10 *11)
[    4.020496] ACPI: Enabled 2 GPEs in block 00 to 07
[    4.022245] vgaarb: setting as boot device: PCI:0000:00:02.0
[    4.023610] vgaarb: device added: PCI:0000:00:02.0,decodes=io+mem,owns=io+mem,locks=none
[    4.032589] vgaarb: loaded
[    4.033435] vgaarb: bridge control possible 0000:00:02.0
[    4.034992] SCSI subsystem initialized
[    4.036117] ACPI: bus type USB registered
[    4.049629] usbcore: registered new interface driver usbfs
[    4.052545] usbcore: registered new interface driver hub
[    4.060156] usbcore: registered new device driver usb
[    4.068162] PCI: Using ACPI for IRQ routing
[    4.075930] NetLabel: Initializing
[    4.082300] NetLabel:  domain hash size = 128
[    4.083514] NetLabel:  protocols = UNLABELED CIPSOv4
[    4.091357] NetLabel:  unlabeled traffic allowed by default
[    4.099578] amd_nb: Cannot enumerate AMD northbridges
[    4.117914] clocksource: Switched to clocksource kvm-clock
[    4.137828] AppArmor: Aprmor Filesystem Enabled
[    4.198353] pnp: PnP ACPI init
[  4095]npPnACI: found 3 devices

[    4.541300] clocksource: acpi_pm: mask: 0xffffff max_cycles: 0xffffff, max_idle_ns: 2085701024 ns
[    4.544081] NT: Registered protolamy 

[    4.770860] TCP established hash table entries: 32768 (order: 62644ytes)

[    4.924418] TCP bind hash table entries: 32768 (order: 7, 524288 bytes)
[    4.928938] TCP: Hash tables configured (established 32768 bind 32768)
[    4.930389] UDP hash table entries: 2048 (order: 4, 65536 bytes)
[    4.931650] UDP-Lite hash table entries: 2048 (order: 4, 65536 bytes)
[    4.933043] NET: Registered protocol family 1
[    4.934045] pci 0000:00:00.0: Limiting direct PCI/PCI transfers
[    4.935325] pci 0000:00:01.0: Activating ISA DMA hang workarounds
[    4.936696] Unpacking initramfs...
[    5.235716] Freeing initrd memory: 14796K
[    5.252784] PCI-DMA: Using software bounce buffering for IO (SWIOTLB)
[    5.300162] software IO TLB [mem 0xdbff0000-0xdfff0000] (64MB) mapped at [ffff8800dbff0000-ffff8800dffeffff]
[    5.321462] platform rtc_cmos: registered platform RTC device (no PNP device found)
[    5.323338] Scanning for low memory corruption every 60 seconds
[    5.325054] audit: initializing netlink subsys (disabled)
[    5.326302] audit: type=2000 audit(1553202813.880:1): initialized
[    5.328180] Initialise system trusted keyring
[    5.341870] HugeTLB registered 2 MB page size, pre-allocated 0 pages
[    5.345172] zbud: loaded
[    5.349577] VFS: Disk quotas dquot_6.6.0
[    5.350684] VFS: Dquot-cache hash table entries: 512 (order 0, 4096 bytes)
[    5.352465] squashfs: version 4.0 (2009/01/31) Phillip Lougher
[    5.354164] fuse init (API version 7.23)
[    5.355277] Key type big_key registered
[    5.356267] Allocating IMA MOK and blacklist keyrings.
[    5.359271] Key type asymmetric registered
[    5.360383] Asymmetric key parser 'x509' registered
[    5.361796] Block layer SCSI generic (bsg) driver version 0.4 loaded (major 249)
[    5.376809] io scheduler noop registered
[    5.378028] io scheduler deadline registered (default)
[    5.379390] io scheduler cfq registered
[    5.380503] pci_hotplug: PCI Hot Plug PCI Core version: 0.5
[    5.381833] pciehp: PCI Express Hot Plug Controller Driver version: 0.4
[    5.383484] ACPI: AC Adapter [AC] (on-line)
[    5.393311] input: Power Button as /devices/LNXSYSTM:00/LNXPWRBN:00/input/input0
[    5.402306] ACPI: Power Button [PWRF]
[    5.418629] input: Sleep Button as /devices/LNXSYSTM:00/LNXSLPBN:00/input/input1
[    5.428881] ACPI: Sleep Button [SLPF]
[    5.430159] GHES: HEST is not enabled!
[    5.431869] ACPI: Battery Slot [BAT0] (battery present)
[    5.433240] Serial: 8250/16550 driver, 32 ports, IRQ sharing enabled
[    5.457242] 00:02: ttyS0 at I/O 0x3f8 (irq = 4, base_baud = 115200) is a 16550A
[    5.460247] Linux agpgart interface v0.103
[    5.472616] loop: module loaded
[    5.474325] scsi host0: ata_piix
[    5.475384] scsi host1: ata_piix
[    5.476263] ata1: PATA max UDMA/33 cmd 0x1f0 ctl 0x3f6 bmdma 0xd000 irq 14
[    5.490862] ata2: PATA max UDMA/33 cmd 0x170 ctl 0x376 bmdma 0xd008 irq 15
[    5.512968] libphy: Fixed MDIO Bus: probed
[    5.514095] tun: Universal TUN/TAP device driver, 1.6
[    5.515361] tun: (C) 1999-2004 Max Krasnyansky <maxk@qualcomm.com>
[    5.516833] PPP generic driver version 2.4.2
[    5.518004] ehci_hcd: USB 2.0 'Enhanced' Host Controller (EHCI) Driver
[    5.519523] ehci-pci: EHCI PCI platform driver
[    5.520674] ehci-platform: EHCI generic platform driver
[    5.521949] ohci_hcd: USB 1.1 'Open' Host Controller (OHCI) Driver
[    5.523436] ohci-pci: OHCI PCI platform driver
[    5.524507] ohci-platform: OHCI generic platform driver
[    5.525793] uhci_hcd: USB Universal Host Controller Interface driver
[    5.527381] i8042: PNP: PS/2 Controller [PNP0303:PS2K,PNP0f03:PS2M] at 0x60,0x64 irq 1,12
[    5.530015] serio: i8042 KBD port at 0x60,0x64 irq 1
[    5.531273] serio: i8042 AUX port at 0x60,0x64 irq 12
[    5.532642] mousedev: PS/2 mouse device common for all mice
[    5.534516] input: AT Translated Set 2 keyboard as /devices/platform/i8042/serio0/input/input2
[    5.536564] rtc_cmos rtc_cmos: rtc core: registered rtc_cmos as rtc0
[    5.538326] rtc_cmos rtc_cmos: alarms up to one day, 114 bytes nvram
[    5.539758] i2c /dev entries driver
[    5.540947] device-mapper: uevent: version 1.0.3
[    5.542135] device-mapper: ioctl: 4.34.0-ioctl (2015-10-28) initialised: dm-devel@redhat.com
[    5.544278] ledtrig-cpu: registered to indicate activity on CPUs
[    5.546444] NET: Registered protocol family 10
[    5.547794] NET: Registered protocol family 17
[    5.548962] Key type dns_resolver registered
[    5.550427] registered taskstats version 1
[    5.557225] Loading compiled-in X.509 certificates
[    5.567188] Loaded X.509 cert 'Build time autogenerated kernel key: bff73e56bc0efa7435b2a24f5427674623f1be80'
[    5.569457] zswap: loaded using pool lzo/zbud
[    5.572635] Key type trusted registered
[    5.577365] Key type encrypted registered
[    5.587895] AppArmor: AppArmor sha1 policy hashing enabled
[    5.591609] ima: No TPM chip found, activating TPM-bypass!
[    5.601963] ima: Allocated hash algorithm: sha1
[    5.603086] evm: HMAC attrs: 0x1
[    5.604431]   Magic number: 11:954:247
[    5.605510] rtc_cmos rtc_cmos: setting system clock to 2019-03-21 21:13:32 UTC (1553202812)
[    5.607612] BIOS EDD facility v0.16 2004-Jun-25, 0 devices found
[    5.609000] EDD information not available.
[    6.203228] Freeing unused kernel memory: 1484K
[    6.212056] Write protecting the kernel read-only data: 14336k
[    6.239672] Freeing unused kernel memory: 1624K
[    6.287090] Freeing unused kernel memory: 92K
[    6.320320] tsc: Refined TSC clocksource calibration: 2496.309 MHz
[    6.321698] clocksource: tsc: mask: 0xffffffffffffffff max_cycles: 0x23fb9b38574, max_idle_ns: 440795333578 ns
Loading, please wait...
starting version 229
[    6.339273] random: systemd-udevd: uninitialized urandom read (16 bytes read, 5 bits of entropy available)
[    6.339950] random: udevadm: uninitialized urandom read (16 bytes read, 5 bits of entropy available)
[    6.339970] random: udevadm: uninitialized urandom read (16 bytes read, 5 bits of entropy available)
[    6.347610] random: systemd-udevd: uninitialized urandom read (16 bytes read, 5 bits of entropy available)
[    6.349213] random: udevadm: uninitialized urandom read (16 bytes read, 5 bits of entropy available)
[    6.349254] random: udevadm: uninitialized urandom read (16 bytes read, 5 bits of entropy available)
[    6.349386] random: udevadm: uninitialized urandom read (16 bytes read, 5 bits of entropy available)
[    6.349431] random: udevadm: uninitialized urandom read (16 bytes read, 5 bits of entropy available)
[    6.349476] random: udevadm: uninitialized urandom read (16 bytes read, 5 bits of entropy available)
[    6.349522] random: udevadm: uninitialized urandom read (16 bytes read, 5 bits of entropy available)
[    6.447672] e1000: Intel(R) PRO/1000 Network Driver - version 7.3.21-k8-NAPI
[    6.455906] e1000: Copyright (c) 1999-2006 Intel Corporation.
[    6.458270] Fusion MPT base driver 3.04.20
[    6.459336] Copyright (c) 1999-2008 LSI Corporation
[    6.466764] Fusion MPT SPI Host driver 3.04.20
[    6.481268] AVX2 version of gcm_enc/dec engaged.
[    6.482859] AES CTR mode by8 optimization enabled
[    6.663315] input: ImExPS/2 Generic Explorer Mouse as /devices/platform/i8042/serio1/input/input4
[    6.847254] e1000 0000:00:03.0 eth0: (PCI:33MHz:32-bit) 02:a9:46:80:4d:77
[    6.864898] e1000 0000:00:03.0 eth0: Intel(R) PRO/1000 Network Connection
[    6.938593] mptbase: ioc0: Initiating bringup
[    7.031461] ioc0: LSI53C1030 A0: Capabilities={Initiator}
[    7.260131] scsi host2: ioc0: LSI53C1030 A0, FwRev=00000000h, Ports=1, MaxQ=256, IRQ=20
[    7.390405] scsi 2:0:0:0: Direct-Access     VBOX     HARDDISK         1.0  PQ: 0 ANSI: 5
[    7.427297] scsi target2:0:0: Beginning Domain Validation
[    7.429786] scsi target2:0:0: Domain Validation skipping write tests
[    7.431480] scsi target2:0:0: Ending Domain Validation
[    7.432948] scsi target2:0:0: asynchronous
[    7.438116] scsi 2:0:1:0: Direct-Access     VBOX     HARDDISK         1.0  PQ: 0 ANSI: 5
[    7.440468] scsi target2:0:1: Beginning Domain Validation
[    7.443481] scsi target2:0:1: Domain Validation skipping write tests
[    7.455995] scsi target2:0:1: Ending Domain Validation
[    7.464512] scsi target2:0:1: asynchronous
[    7.486855] sd 2:0:0:0: Attached scsi generic sg0 type 0
[    7.488227] sd 2:0:0:0: [sda] 20971520 512-byte logical blocks: (10.7 GB/10.0 GiB)
[    7.496068] sd 2:0:1:0: [sdb] 20480 512-byte logical blocks: (10.5 MB/10.0 MiB)
[    7.498295] sd 2:0:1:0: Attached scsi generic sg1 type 0
[    7.500287] sd 2:0:1:0: [sdb] Write Protect is off
[    7.501704] sd 2:0:1:0: [sdb] Incomplete mode parameter data
[    7.503166] sd 2:0:1:0: [sdb] Assuming drive cache: write through
[    7.504842] sd 2:0:0:0: [sda] Write Protect is off
[    7.506719] sd 2:0:0:0: [sda] Incomplete mode parameter data
[    7.508290] sd 2:0:0:0: [sda] Assuming drive cache: write through
[    7.513358]  sda: sda1
[    7.515500] sd 2:0:0:0: [sda] Attached SCSI disk
[    7.516805] sd 2:0:1:0: [sdb] Attached SCSI disk
[    7.784600] e1000 0000:00:08.0 eth1: (PCI:33MHz:32-bit) 08:00:27:46:ce:53
[    7.831654] e1000 0000:00:08.0 eth1: Intel(R) PRO/1000 Network Connection
[    7.847570] e1000 0000:00:03.0 enp0s3: renamed from eth0
[    7.890993] e1000 0000:00:08.0 enp0s8: renamed from eth1
Begin: Loading e[    9.329626] md: linear personality registered for level -1
ssential drivers ... [    9.341043] md: multipath personality registered for level -4
[    9.345250] md: raid0 personality registered for level 0
[    9.358603] md: raid1 personality registered for level 1
[    9.482125] raid6: sse2x1   gen()  6632 MB/s
[    9.554322] raid6: sse2x1   xor()  7209 MB/s
[    9.638255] raid6: sse2x2   gen() 11928 MB/s
[    9.714402] raid6: sse2x2   xor()  8343 MB/s
[    9.806149] raid6: sse2x4   gen() 13499 MB/s
[    9.878362] raid6: sse2x4   xor()  9341 MB/s
[    9.954491] raid6: avx2x1   gen() 19714 MB/s
[   10.034476] raid6: avx2x2   gen() 21731 MB/s
[   10.102824] raid6: avx2x4   gen() 24545 MB/s
[   10.127340] raid6: using algorithm avx2x4 gen() 24545 MB/s
[   10.142487] raid6: using avx2x2 recovery algorithm
[   10.158713] xor: automatically using best checksumming function:
[   10.198485]    avx       : 25191.000 MB/sec
[   10.204949] async_tx: api initialized (async)
[   10.217837] md: raid6 personality registered for level 6
[   10.225621] md: raid5 personality registered for level 5
[   10.244215] md: raid4 personality registered for level 4
[   10.252636] md: raid10 personality registered for level 10
done.
Begin: Running /scripts/init-premount ... done.
Begin: Mounting root file system ... Begin: Running /scripts/local-top ... done.
Begin: Running /scripts/local-premount ... [   10.289037] Btrfs loaded
Scanning for Btrfs filesystems
done.
Warning: fsck not present, so skipping root file system
[   10.326266] EXT4-fs (sda1): mounted filesystem with ordered data mode. Opts: (null)
done.
Begin: Running /scripts/local-bottom ... done.
Begin: Running /scripts/init-bottom ... done.
[   10.436645] systemd[1]: systemd 229 running in system mode. (+PAM +AUDIT +SELINUX +IMA +APPARMOR +SMACK +SYSVINIT +UTMP +LIBCRYPTSETUP +GCRYPT +GNUTLS +ACL +XZ -LZ4 +SECCOMP +BLKID +ELFUTILS +KMOD -IDN)
[   10.440609] systemd[1]: Detected virtualization oracle.
[   10.441783] systemd[1]: Detected architecture x86-64.

Welcome to [1mUbuntu 16.04.5 LTS[0m!

[   10.446650] systemd[1]: Set hostname to <ubuntu>.
[   10.450059] systemd[1]: Initializing machine ID from random generator.
[   10.451743] systemd[1]: Installed transient /etc/machine-id file.
[   10.621848] systemd[1]: Created slice System Slice.
[[0;32m  OK  [0m] Created slice System Slice.
[   10.624343] systemd[1]: Listening on udev Kernel Socket.
[[0;32m  OK  [0m] Listening on udev Kernel Socket.
[   10.644780] systemd[1]: Created slice system-serial\x2dgetty.slice.
[[0;32m  OK  [0m] Created slice system-serial\x2dgetty.slice.
[   10.672624] systemd[1]: Started Trigger resolvconf update for networkd DNS.
[[0;32m  OK  [0m] Started Trigger resolvconf update for networkd DNS.
[   10.810562] systemd[1]: Listening on /dev/initctl Compatibility Named Pipe.
[[0;32m  OK  [0m] Listening on /dev/initctl Compatibility Named Pipe.
[   10.910456] systemd[1]: Listening on LVM2 poll daemon socket.
[[0;32m  OK  [0m] Listening on LVM2 poll daemon socket.
[   11.022248] systemd[1]: Reached target System Time Synchronized.
[[0;32m  OK  [0m] Reached target System Time Synchronized.
[   11.102359] systemd[1]: Listening on LVM2 metadata daemon socket.
[[0;32m  OK  [0m] Listening on LVM2 metadata daemon socket.
[   11.215958] systemd[1]: Reached target User and Group Name Lookups.
[[0;32m  OK  [0m] Reached target User and Group Name Lookups.
[   11.221329] systemd[1]: Created slice User and Session Slice.
[[0;32m  OK  [0m] Created slice User and Session Slice.
[   11.233034] systemd[1]: Reached target Slices.
[[0;32m  OK  [0m] Reached target Slices.
[   11.237057] systemd[1]: Started Forward Password Requests to Wall Directory Watch.
[[0;32m  OK  [0m] Started Forward Password Requests to Wall Directory Watch.
[   11.247783] systemd[1]: Listening on Journal Socket.
[[0;32m  OK  [0m] Listening on Journal Socket.
[   11.286820] systemd[1]: Starting Set console keymap...
         Starting Set console keymap...
[   11.303543] systemd[1]: Starting Create list of required static device nodes for the current kernel...
         Starting Create list of required st... nodes for the current kernel...
[   11.309354] systemd[1]: Mounting POSIX Message Queue File System...
         Mounting POSIX Message Queue File System...
[   11.319516] systemd[1]: Mounting Huge Pages File System...
         Mounting Huge Pages File System...
[   11.322862] systemd[1]: Starting Nameserver information manager...
         Starting Nameserver information manager...
[   11.328978] systemd[1]: Starting Load Kernel Modules...
         Starting Load Kernel Modules...
[   11.332278] systemd[1]: Mounting Debug File System...
         Mounting Debug File System...
[   11.337132] systemd[1]: Starting Remount Root and Kernel File Systems...
         Starting Remount Root and Kernel File Systems...
[   11.340833] systemd[1]: Listening on Journal Socket (/dev/log).
[[0;32m  OK  [0m] Listening on Journal Socket (/dev/log).
[   11.348201] systemd[1]: Starting Uncomplicated firewall...
[   11.350624] Loading iSCSI transport class v2.0-870.
         Starting Uncomplicated firewall...
[   11.353144] systemd[1]: Listening on Device-mapper event daemon FIFOs.
[[0;32m  OK  [0m] Listening on Device-mapper event daemon FIFOs.
[   11.356290] systemd[1]: Reached target Swap.
[[0;32m  OK  [[   11.357997] EXT4-fs (sda1): re-mounted. Opts: (null)
0m] Reached target Swap.
[   11.360030] systemd[1]: Listening on udev Control Socket.
[[0;32m  OK  [0m] Listening on udev Control Socket.
[   11.366552] systemd[1]: Set up automount Arbitrary Executable File Formats File System Automount Point.
[[0;32m  OK  [0m] Set up automount Arbitrary E[   11.378335] iscsi: registered transport (tcp)
xecutab...ats File System Automount Point.
[   11.398967] systemd[1]: Starting Monitoring of LVM2 mirrors, snapshots etc. using dmeventd or progress polling...
         Starting Monitoring of LVM2 mirrors... dmeventd or progress polling...
[   11.410890] systemd[1]: Reached target Encrypted Volumes.
[[0;32m  OK  [0m] Reached target Encrypted Volumes.
[   11.416810] systemd[1]: Listening on Syslog Socket.
[[0;32m  OK  [0m] Listening on Syslog Socket.
[   11.419549] systemd[1]: Listening on Journal Audit Socket.
[[0;32m  OK  [0m] Listening on Journal Audit Socket.
[   11.422905] systemd[1]: Starting Journal Service...
[   11.424035] iscsi: registered transport (iser)
         Starting Journal Service...
[   11.437110] systemd[1]: Mounted Huge Pages File System.
[[0;32m  OK  [0m] Mounted Huge Pages File System.
[   11.441235] systemd[1]: Mounted Debug File System.
[[0;32m  OK  [0m] Mounted Debug File System.
[   11.463826] systemd[1]: Mounted POSIX Message Queue File System.
[[0;32m  OK  [0m] Mounted POSIX Message Queue File System.
[   11.486925] systemd[1]: Started Journal Service.
[[0;32m  OK  [0m] Started Journal Service.
[[0;32m  OK  [0m] Started Set console keymap.
[[0;32m  OK  [0m] Started Create list of required sta...ce nodes for the current kernel.
[[0;32m  OK  [0m] Started Load Kernel Modules.
[[0;32m  OK  [0m] Started Remount Root and Kernel File Systems.
[[0;32m  OK  [0m] Started Uncomplicated firewall.
[[0;32m  OK  [0m] Started Nameserver information manager.
[[0;32m  OK  [0m] Started LVM2 metadata daemon.
         Starting udev Coldplug all Devices...
         Starting Load/Save Random Seed...
         Mounting FUSE Control File System...
         Starting Apply Kernel Variables.[   11.863635] random: nonblocking pool is initialized
..
         Starting Create Static Device Nodes in /dev...
         Starting Flush Journal to Persistent Storage...
[[0;32m  OK  [0m] Mounted FUSE Control File System.
[[0;32m  OK  [0m] Started Load/Save Random Seed.
[[0;32m  OK  [0m] Started Apply Kernel Variables.
[[0;32m  OK  [0m] Started Create Static Device Nodes in /dev.
[[0;32m  OK  [0m] Started udev Coldplug all Devices.
[[0;32m  OK  [0m] Started Monitoring of LVM2 mirrors,...ng dmeventd or progress polling.
[[0;32m  OK  [0m] Started Flush Journal to Persistent Storage.
[[0;32m  OK  [0m] Reached target Local File Systems (Pre).
[[0;32m  OK  [0m] Reached target Local File Systems.
         Starting LSB: AppArmor initialization...
         Starting Create Volatile Files and Directories...
         Starting Set console font and keymap...
         Starting Tell Plymouth To Write Out Runtime Data...
         Starting Commit a transient machine-id on disk...
         Starting Initial cloud-init job (pre-networking)...
         Starting udev Kernel Device Manager...
[[0;32m  OK  [0m] Started Create Volatile Files and Directories.
[[0;32m  OK  [0m] Started Tell Plymouth To Write Out Runtime Data.
[[0;32m  OK  [0m] Started Commit a transient machine-id on disk.
[[0;32m  OK  [0m] Started udev Kernel Device Manager.
[[0;32m  OK  [0m] Started Dispatch Password Requests to Console Directory Watch.
         Starting Update UTMP about System Boot/Shutdown...
[[0;32m  OK  [0m] Started Update UTMP about System Boot/Shutdown.
[[0;32m  OK  [0m] Found device /dev/ttyS0.
[[0;32m  OK  [0m] Listening on Load/Save RF Kill Switch Status /dev/rfkill Watch.
[   10.435255] cloud-init[487]: Cloud-init v. 18.4-0ubuntu1~16.04.2 running 'init-local' at Thu, 21 Mar 2019 21:13:40 +0000. Up 9.77 seconds.
[[0;32m  OK  [0m] Started Initial cloud-init job (pre-networking).
[[0;32m  OK  [0m] Reached target Network (Pre).
[[0;32m  OK  [0m] Started Set console font and keymap.
[[0;32m  OK  [0m] Created slice system-getty.slice.
[[0;32m  OK  [0m] Started LSB: AppArmor initialization.
         Starting Raise network interfaces...
[[0;32m  OK  [0m] Started Raise network interfaces.
         Starting Initial cloud-init job (metadata service crawler)...
[[0;32m  OK  [0m] Reached target Network.
[   12.241921] cloud-init[940]: Cloud-init v. 18.4-0ubuntu1~16.04.2 running 'init' at Thu, 21 Mar 2019 21:13:42 +0000. Up 11.56 seconds.
[   12.252548] cloud-init[940]: ci-info: ++++++++++++++++++++++++++++++++++++++Net device info+++++++++++++++++++++++++++++++++++++++
[   12.255794] cloud-init[940]: ci-info: +--------+-------+----------------------------+---------------+--------+-------------------+
[   12.272498] cloud-init[940]: ci-info: | Device |   Up  |          Address           |      Mask     | Scope  |     Hw-Address    |
[   12.293425] [[0;32m  OK  [0m] Started Initial cloud-init job (metadata service crawler).
cloud-init[940]: ci-info: +--------+-------+----------------------------+---------------+--------+-------------------+[[0;32m  OK  [0m] Reached target System Initialization.

[   12.353027] [cloud-init[0;32m  OK  [0m[940]: ] ci-info: | enp0s3 |  True |         10.0.2.15          | 255.255.255.0 | global | 02:a9:46:80:4d:77 |Started ACPI Events Check.

[   12.427638] [[0;32m  OK  [0m] Reached target Paths.
cloud-init[940]:          Starting LXD - unix socket.
ci-info: | enp0s3 |  True | fe80::a9:46ff:fe80:4d77/64 |       .       |  link  | 02:a9:46:80:4d:77 |[[0;32m  OK  [0m] Listening on D-Bus System Message Bus Socket.

         Starting Socket activation for snappy daemon.
[[0;32m  OK  [0m] Started Daily Cleanup of Temporary Directories.
[[0;32m  OK  [0m] Started Daily apt download activities.
[[0;32m  OK  [0m] Listening on ACPID Listen Socket.
[[0;32m  OK  [0m] Listening on UUID daemon activation socket.
[[0;32m  OK  [0m] Started Daily apt upgrade and clean activities.
[[0;32m  OK  [0m] Reached target Timers.
[[0;32m  OK  [0m] Reached target Cloud-config availability.
[[0;32m  OK  [0m] Reached target Network is Online.
[   12.472834]          Starting iSCSI initiator daemon (iscsid)...
cloud-init[940]: ci-info: | enp0s8 | False |             .              |       .       |   .    | 08:00:27:46:ce:53 |[[0;32m  OK  [0m] Listening on LXD - unix socket.

[   12.502342] [[0;32m  OK  [0m] Listening on Socket activation for snappy daemon.
cloud-init[940]: ci-info: |   lo   |  True |         127.0.0.1          |   255.0.0.0   |  host  |         .         |
[   12.509055] cloud-init[940]: ci-info: |   lo   |  True |          ::1/128           |       .       |  host  |         .         |
[   12.512686] cloud-init[940]: ci-info: +--------+-------+----------------------------+---------------+--------+-------------------+
[   12.516344] cloud-init[940]: ci-info: +++++++++++++++++++++++++++Route IPv4 info++++++++++++++++++++++++++++
[   12.566533] [[0;32m  OK  [0m] Started iSCSI initiator daemon (iscsid).
cloud-init[940]: ci-info: +-------+-------------+----------+---------------+-----------+-------+
[   12.577136] cloud-init[940]: ci-info: | Route | Destination | Gateway  |    Genmask    | Interface | Flags |
         Starting Login to default iSCSI targets...
[[0;32m  OK  [0m] Reached target Sockets.
[[0;32m  OK  [0m] Reached target Basic System.
[   12.603518] cloud-init[940]: ci-info: +-------+-------------+----------+---------------+-----------+-------+
[   12.719931] cloud-init[940]: ci-info: |   0   |   0.0.0.0   | 10.0.2.2 |    0.0.0.0    |   enp0s3  |   UG  |
         [   12.720694] cloud-init[940]: ci-info: |   1   |   10.0.2.0  | 0.0.0.0  | 255.255.255.0 |   enp0s3  |   U   |
Starting Pollinate to seed the pseudo random number generator...
[   12.721098] cloud-init[940]: ci-info: +-------+-------------+----------+---------------+-----------+-------+
[   12.797892] cloud-init[940]: ci-info: +++++++++++++++++++Route IPv6 info+++++++++++++++++++
[   12.798254] cloud-init[940]: ci-info: +-------+-------------+---------+-----------+-------+
[   12.798457] cloud-init[940]: ci-info: | Route | Destination | Gateway | Interface | Flags |
[   12.798637] cloud-init[940]: ci-info: +-------+-------------+---------+-----------+-------+
[   12.798843] cloud-init[940]: ci-info: |   0   |  fe80::/64  |    ::   |   enp0s3  |   U   |
[   12.799404] cloud-init[940]: ci-info: |   3   |   ff00::/8  |    ::   |   enp0s3  |   U   |
[   12.799507] cloud-init[940]: ci-info: +-------+-------------+---------+-----------+-------+
[   12.799706] cloud-init[940]: Generating public/private rsa key pair.
[   12.799907] cloud-init[940]: Your identification has been saved in /etc/ssh/ssh_host_rsa_key.
[   12.800308] cloud-init[940]: Your public key has been saved in /etc/ssh/ssh_host_rsa_key.pub.
[   12.800539] cloud-init[940]: The key fingerprint is:
[   12.800758] cloud-init[940]: SHA256:uEPjI5tNO8s8s8xEkTtvwLGejDmRFULxLrtlUXJHzgQ root@ubuntu-xenial
[   12.800965] cloud-init[940]: The key's randomart image is:
[   12.801183] cloud-init[940]: +---[RSA 2048]----+
[   12.801399] cloud-init[940]: |   .+.. E.o      |
[   12.801599] cloud-init[940]: |     o o =       |
[   12.801801] cloud-init[940]: |      B o +      |
[   12.802005] cloud-init[940]: |     = X .       |
[   12.802449] cloud-init[940]: |    + & S        |
[   12.802657] cloud-init[940]: |     % O         |
[   12.802869] cloud-init[940]: |    * & o        |
[   12.803086] cloud-init[940]: |     ^+=         |
[   12.803513] cloud-init[940]: |    + X*         |
[   12.803738] cloud-init[940]: +----[SHA256]-----+
[   12.803953] cloud-init[940]: Generating public/private dsa key pair.
[   12.804418] cloud-init[940]: Your identification has been saved in /etc/ssh/ssh_host_dsa_key.
[   12.804631] cloud-init[940]: Your public key has been saved in /etc/ssh/ssh_host_dsa_key.pub.
[   12.804847] cloud-init[940]: The key fingerprint is:
[   12.805048] cloud-init[940]: SHA256:b164UYRo90QCtVE4ed84dcGbEeFns0Vk7Fl51TA0FwA root@ubuntu-xenial
         Starting /etc/rc.local Compatibility...
[   12.805516] cloud-init[940]: The key's randomart image is:
[   13.401793] cloud-init[940]: +---[DSA 1024]----+
[[   13.402153] cloud-init[940]: |        .o+E+oBO#|
[0;32m  OK  [0m[   13.403460] cloud-init[940]: |         .+*. .XB|
] [   13.405017] cloud-init[940]: |        o +oo. B%|
Started Deferred execution scheduler.[   13.406468] cloud-init[940]: |       . . +  +=B|

[[   13.406850] cloud-init[940]: |        S   o  o |
[0;32m  OK  [0m[   13.415680] cloud-init[940]: |         . o     |
] [   13.417278] cloud-init[940]: |          = .    |
Started Unattended Upgrades Shutdown.
[   13.417917] cloud-init[940]: |         o +     |
[   13.432127] cloud-init[940]: |          o      |
[   13.452662] cloud-init[940]: +----[SHA256]-----+
[   13.453077] cloud-init[940]: Generating public/private ecdsa key pair.
[   13.453302] cloud-init[940]: Your identification has been saved in /etc/ssh/ssh_host_ecdsa_key.
[   13.453518] cloud-init[940]: Your public key has been saved in /etc/ssh/ssh_host_ecdsa_key.pub.
[   13.453769] cloud-init[940]: The key fingerprint is:
[   13.453954] cloud-init[940]: SHA256:jdKTUvKJvLuQGeJ2YWKynZM8ak7D1AG9ZX/N3bRVNvE root@ubuntu-xenial
[   13.454167] cloud-init[940]: The key's randomart image is:
[   13.454371] cloud-init[940]: +---[ECDSA 256]---+
[   13.454632] cloud-init[940]: | ..            o=|
[   13.455114] cloud-init[940]: |  .. o         o+|
[   13.455330] cloud-init[940]: |   .+ o . o . o E|
[   13.455548] cloud-init[940]: |  .... B * o . o |
         Starting LSB: Record successful boot for GRUB...
[   13.455791] cloud-init[940]: |..+.+ = S .      |
[   13.548343] cloud-init[940]: |oB * = + .       |
[   13.556548] cloud-init[940]: |.+X = .          |
[   13.561133] cloud-init[940]: |.+.+ . .         |
[   13.612670] cloud-init[940]: |+.    o.         |
         [   13.613166] cloud-init[940]: +----[SHA256]-----+
Starting Accounts Service...
[   13.613647] cloud-init[940]: Generating public/private ed25519 key pair.
[   13.728872] cloud-init[940]: Your identification has been saved in /etc/ssh/ssh_host_ed25519_key.
         [   13.729561] cloud-init[940]: Your public key has been saved in /etc/ssh/ssh_host_ed25519_key.pub.
Starting LSB: MD monitoring daemon...
[   13.730669] cloud-init[940]: The key fingerprint is:
[   14.065284] cloud-init[940]: SHA256:AlFC3/SoxEDTVd5mi7IgaT576M8OzcchLoO0ObcW0ds root@ubuntu-xenial
[[   14.066126] cloud-init[940]: The key's randomart image is:
[0;32m  OK  [0m] Started ACPI event daemon.
[   14.066881] cloud-init[940]: +--[ED25519 256]--+
[   14.164398] cloud-init[940]: |   oBo..o..      |
         [   14.165271] cloud-init[940]: |     B.o + .     |
Starting Snappy daemon...
[   14.166625] cloud-init[940]: |    ..+ o o +    |
[   14.232751] cloud-init[940]: |    .+..   + .   |
         [   14.233272] cloud-init[940]: |  . +.=oS . .    |
Starting LXD - container startup/shutdown...
[   14.237266] cloud-init[940]: | . *.=.=E+       |
[   14.330421] cloud-init[940]: |  = Bo+ +        |
[[   14.330832] cloud-init[940]: |   ooO..         |
[0;32m  OK  [0m[   14.331275] cloud-init[940]: |   o+++          |
] Started Regular background program processing daemon.
[   14.332833] cloud-init[940]: +----[SHA256]-----+
[[0;32m  OK  [0m] Started FUSE filesystem for LXC.
[[0;32m  OK  [0m] Started D-Bus System Message Bus.
         Starting Virtualbox guest utils...
         Starting System Logging Service...
         Starting Login Service...
[[0;32m  OK  [0m] Started Snappy daemon.
[[0;32m  OK  [0m] Started System Logging Service.
[[0;32m  OK  [0m] Started Pollinate to seed the pseudo random number generator.
[[0;32m  OK  [0m] Started /etc/rc.local Compatibility.
[[0;32m  OK  [0m] Started LXD - container startup/shutdown.
[[0;32m  OK  [0m] Started Login to default iSCSI targets.
[[0;32m  OK  [0m] Started LSB: Record successful boot for GRUB.
[[0;32m  OK  [0m] Started LSB: MD monitoring daemon.
         Starting Authenticate and Authorize Users to Run Privileged Tasks...
[[0;32m  OK  [0m] Reached target Remote File Systems (Pre).
[[0;32m  OK  [0m] Reached target Remote File Systems.
         Starting Permit User Sessions...
         Starting LSB: Set the CPU Frequency Scaling governor to "ondemand"...
         Starting LSB: daemon to balance interrupts for SMP systems...
         Starting LSB: automatic crash report generation...
         Starting OpenBSD Secure Shell server...
         Starting Wait until snapd is fully seeded...
[[0;32m  OK  [0m] Started Virtualbox guest utils.
[[0;32m  OK  [0m] Started Permit User Sessions.
[[0;32m  OK  [0m] Started Wait until snapd is fully seeded.
[[0;32m  OK  [0m] Started OpenBSD Secure Shell server.
[[0;32m  OK  [0m] Started Login Service.
[[0;32m  OK  [0m] Started Authenticate and Authorize Users to Run Privileged Tasks.
[[0;32m  OK  [0m] Started Accounts Service.
[[0;32m  OK  [0m] Started LSB: Set the CPU Frequency Scaling governor to "ondemand".
[[0;32m  OK  [0m] Started LSB: daemon to balance interrupts for SMP systems.
         Starting Apply the settings specified in cloud-config...
         Starting Terminate Plymouth Boot Screen...
         Starting Hold until boot process finishes up...
[[0;32m  OK  [0m] Started LSB: automatic crash report generation.
[[0;32m  OK  [0m] Started Hold until boot process finishes up.
[[0;32m  OK  [0m] Started Terminate Plymouth Boot Screen.
[[0;32m  OK  [0m] Started Serial Getty on ttyS0.
         Starting Set console scheme...
[[0;32m  OK  [0m] Started Getty on tty1.
[[0;32m  OK  [0m] Reached target Login Prompts.
[[0;32m  OK  [0m] Reached target Multi-User System.
[[0;32m  OK  [0m] Reached target Graphical Interface.
         Starting Update UTMP about System Runlevel Changes...
[[0;32m  OK  [0m] Started Set console scheme.
[[0;32m  OK  [0m] Started Update UTMP about System Runlevel Changes.
[   16.162800] cloud-init[1248]: Generating locales (this might take a while)...
[[0;32m  OK  [0m] Created slice User Slice of vagrant.
         Starting User Manager for UID 1000...
[[0;32m  OK  [0m] Started Session 1 of user vagrant.
[[0;32m  OK  [0m] Started User Manager for UID 1000.
[   17.357908] cloud-init[1248]:   en_US.UTF-8... done
[   17.360594] cloud-init[1248]: Generation complete.
[   17.847072] cloud-init[1248]: Cloud-init v. 18.4-0ubuntu1~16.04.2 running 'modules:config' at Thu, 21 Mar 2019 21:13:46 +0000. Up 16.03 seconds.
[[0;32m  OK  [0m] Started Apply the settings specified in cloud-config.
         Starting Execute cloud user/final scripts...
ci-info: no authorized ssh keys fingerprints found for user ubuntu.
<14>Mar 21 21:13:48 ec2: 
<14>Mar 21 21:13:48 ec2: #############################################################
<14>Mar 21 21:13:48 ec2: -----BEGIN SSH HOST KEY FINGERPRINTS-----
<14>Mar 21 21:13:48 ec2: 1024 SHA256:b164UYRo90QCtVE4ed84dcGbEeFns0Vk7Fl51TA0FwA root@ubuntu-xenial (DSA)
<14>Mar 21 21:13:48 ec2: 256 SHA256:jdKTUvKJvLuQGeJ2YWKynZM8ak7D1AG9ZX/N3bRVNvE root@ubuntu-xenial (ECDSA)
<14>Mar 21 21:13:48 ec2: 256 SHA256:AlFC3/SoxEDTVd5mi7IgaT576M8OzcchLoO0ObcW0ds root@ubuntu-xenial (ED25519)
<14>Mar 21 21:13:48 ec2: 2048 SHA256:uEPjI5tNO8s8s8xEkTtvwLGejDmRFULxLrtlUXJHzgQ root@ubuntu-xenial (RSA)
<14>Mar 21 21:13:48 ec2: -----END SSH HOST KEY FINGERPRINTS-----
<14>Mar 21 21:13:48 ec2: #############################################################
-----BEGIN SSH HOST KEY KEYS-----
ecdsa-sha2-nistp256 AAAAE2VjZHNhLXNoYTItbmlzdHAyNTYAAAAIbmlzdHAyNTYAAABBBBOzs5Sa86ovYZhS8UHwG3fVdqsvQ0Y7QvEzKTjzxjslebVbBGFTRiEDsZD3AJhJktI7dvRUdWs4O4vdr1gjpUs= root@ubuntu-xenial
ssh-ed25519 AAAAC3NzaC1lZDI1NTE5AAAAIHWK/NZ5OnDKhXHRKFqSjy2jFXvxX7/p35eG1kMG6DtM root@ubuntu-xenial
ssh-rsa AAAAB3NzaC1yc2EAAAADAQABAAABAQCunR4iQdVFKjp3YwMJa7dehugQNFlYfkddrQbexW6xzPSPfe+5QyJ+XnkufyKp2kCKnx+HMJuukAEhhIYO+GyN71QpTWIqtKBcZrdq2il812tYacxlK85N5TFvWw0PhDwjcTOlMjDALFrEECerb/IJ7bJX6HpMIcKHfyfREpAuKoAdPzjhmxOERh0ja0KqFnPP5LjwSiFqnWrMR6Wgk1a6v+/C+uk7J91x8BnFGsJZ6W6fxMeoQA0u6PNaFZYx/XBrual7hGeFgi2nDYuLXjuTLXALJpKjnSR+vuLxZlIaUWHsbk+LT8MZeKRRHDxMz92fAmLPTQM/E+qfZVYPfc39 root@ubuntu-xenial
-----END SSH HOST KEY KEYS-----
[   18.879980] cloud-init[1394]: Cloud-init v. 18.4-0ubuntu1~16.04.2 running 'modules:final' at Thu, 21 Mar 2019 21:13:48 +0000. Up 18.31 seconds.
[   18.925871] cloud-init[1394]: ci-info: no authorized ssh keys fingerprints found for user ubuntu.
[   18.933481] cloud-init[1394]: Cloud-init v. 18.4-0ubuntu1~16.04.2 finished at Thu, 21 Mar 2019 21:13:49 +0000. Datasource DataSourceNoCloud [seed=/dev/sdb][dsmode=net].  Up 18.87 seconds
[[0;32m  OK  [0m] Started Execute cloud user/final scripts.
[[0;32m  OK  [0m] Reached target Cloud-init target.

Ubuntu 16.04.5 LTS ubuntu-xenial ttyS0

ubuntu-xenial login:          Stopping ACPI event daemon...
         Stopping User Manager for UID 1000...
[[0;32m  OK  [0m] Stopped target Timers.
[[0;32m  OK  [0m] Stopped Daily Cleanup of Temporary Directories.
[[0;32m  OK  [0m] Stopped target Graphical Interface.
[[0;32m  OK  [0m] Stopped Daily apt upgrade and clean activities.
         Stopping Accounts Service...
[[0;32m  OK  [0m] Stopped target Cloud-init target.
[[0;32m  OK  [0m] Stopped Execute cloud user/final         Stopping LSB: MD monitoring daemon...
         Stopping System Logging Service...
         Stopping OpenBSD Secure Shell server...
         Stopping LXD - container startup/shutdown...
         Stopping LSB: daemon to balance interrupts for SMP systems...
         Stopping LSB: Record successful boot for GRUB...
[[0;32m  OK  [0m] Stopped Daily apt download activities.
[[0;32m  OK  [0m] Stopped target System Time Synchronized.
         Stopping Deferred execution scheduler...
         Stopping Regular background program processing daemon...
[[0;32m  OK  [0m] Stopped Wait until snapd is fully seeded.
         Stopping Snappy daemon...
         Stopping D-Bus System Message Bus...
[[0;32m  OK  [0m] Closed Load/Save RF Kill Switch Status /dev/rfkill Watch.
         Stopping Authenticate and Authorize Users to Run Privileged Tasks...
         Stopping Getty on tty1...
         Stopping Session 5 of user vagrant.
         Stopping FUSE filesystem for LXC...
[[0;32m  OK  [0m] Unmounted /var/lib/lxcfs.
[[0;32m  OK  [0m] Stopped Deferred execution scheduler.
[[0;32m  OK  [0m] Stopped Accounts Service.
[[0;32m  OK  [0m] Stopped ACPI event daemon.
[[0;32m  OK  [0m] Stopped Snappy daemon.
[[0;32m  OK  [0m] Stopped Regular background program processing daemon.
[[0;32m  OK  [0m] Stopped System Logging Service.
[[0;32m  OK  [0m] Stopped Authenticate and Authorize Users to Run Privileged Tasks.
[[0;32m  OK  [0m] Stopped OpenBSD Secure Shell server.
[[0;32m  OK  [0m] Stopped Serial Getty on ttyS0.
[[0;32m  OK  [0m] Stopped Getty on tty1.
[[0;32m  OK  [0m] Stopped User Manager for UID 1000.
[[0;32m  OK  [0m] Stopped Unattended Upgrades Shutdown.
[[0;32m  OK  [0m] Stopped D-Bus System Message Bus.
[[0;32m  OK  [0m] Stopped Session 5 of user vagrant.
[[0;32m  OK  [0m] Stopped FUSE filesystem for LXC.
[[0;32m  OK  [0m] Stopped LSB: Set the CPU Frequency Scaling governor to "ondemand".
[[0;32m  OK  [0m] Stopped LSB: automatic crash report generation.
[[0;32m  OK  [0m] Stopped Virtualbox guest utils.
[[0;32m  OK  [0m] Stopped LSB: MD monitoring daemon.
[[0;32m  OK  [0m] Stopped LXD - container startup/shutdown.
[[0;32m  OK  [0m] Stopped LSB: daemon to balance interrupts for SMP systems.
[[0;32m  OK  [0m] Stopped LSB: Record successful boot for GRUB.
[[0;32m  OK  [0m] Removed slice User Slice of vagrant.
         Stopping Login Service...
[[0;32m  OK  [0m] Removed slice system-getty.slice.
[[0;32m  OK  [0m] Removed slice system-serial\x2dgetty.slice.
[[0;32m  OK  [0m] Stopped /etc/rc.local Compatibility.
         Stopping Permit User Sessions...
[[0;32m  OK  [0m] Stopped Login Service.
[[0;32m  OK  [0m] Stopped Permit User Sessions.
[[0;32m  OK  [0m] Stopped target User and Group Name Lookups.
[[0;32m  OK  [0m] Stopped LSB: Apache2 web server.
[[0;32m  OK  [0m] Stopped target Remote File Systems.
[[0;32m  OK  [0m] Stopped target Remote File Systems (Pre).
         Stopping Login to default iSCSI targets...
[[0;32m  OK  [0m] Stopped target Basic System.
[[0;32m  OK  [0m] Stopped target Sockets.
[[0;32m  OK  [0m] Closed Socket activation for snappy daemon.
[[0;32m  OK  [0m] Closed D-Bus System Message Bus Socket.
[[0;32m  OK  [0m] Closed ACPID Listen Socket.
[[0;32m  OK  [0m] Closed Syslog Socket.
[[0;32m  OK  [0m] Closed UUID daemon activation socket.
[[0;32m  OK  [0m] Closed LXD - unix socket.
[[0;32m  OK  [0m] Stopped target Paths.
[[0;32m  OK  [0m] Stopped Dispatch Password Requests to Console Directory Watch.
[[0;32m  OK  [0m] Stopped ACPI Events Check.
[[0;32m  OK  [0m] Stopped target System Initialization.
[[0;32m  OK  [0m] Stopped Commit a transient machine-id on disk.
[[0;32m  OK  [0m] Stopped target Swap.
         Stopping Load/Save Random Seed...
         Stopping Update UTMP about System Boot/Shutdown...
[[0;32m  OK  [0m] Stopped target Encrypted Volumes.
[[0;32m  OK  [0m] Stopped Forward Password Requests to Wall Directory Watch.
[[0;32m  OK  [0m] Stopped target Slices.
[[0;32m  OK  [0m] Removed slice User and Session Slice.
[[0;32m  OK  [0m] Stopped Load/Save Random Seed.
[[0;32m  OK  [0m] Stopped Login to default iSCSI targets.
[[0;32m  OK  [0m] Stopped Update UTMP about System Boot/Shutdown.
[[0;32m  OK  [0m] Stopped Create Volatile Files and Directories.
         Stopping iSCSI initiator daemon (iscsid)...
[[0;32m  OK  [0m] Stopped iSCSI initiator daemon (iscsid).
[[0;32m  OK  [0m] Stopped target Network is Online.
[[0;32m  OK  [0m] Stopped Initial cloud-init job (metadata service crawler).
[[0;32m  OK  [0m] Stopped target Network.
         Stopping Raise network interfaces...
[[0;32m  OK  [0m] Stopped Raise network interfaces.
[[0;32m  OK  [0m] Stopped target Network (Pre).
[[0;32m  OK  [0m] Stopped Initial cloud-init job (pre-networking).
[[0;32m  OK  [0m] Stopped Apply Kernel Variables.
[[0;32m  OK  [0m] Stopped target Local File Systems.
         Unmounting /run/user/1000...
         Unmounting /vagrant...
[[0;32m  OK  [0m] Stopped Load Kernel Modules.
[[0;32m  OK  [0m] Unmounted /run/user/1000.
[[0;32m  OK  [0m] Unmounted /vagrant.
[[0;32m  OK  [0m] Reached target Unmount All Filesystems.
[[0;32m  OK  [0m] Stopped target Local File Systems (Pre).
         Stopping Monitoring of LVM2 mirrors... dmeventd or progress polling...
[[0;32m  OK  [0m] Stopped Remount Root and Kernel File Systems.
[[0;32m  OK  [0m] Stopped Create Static Device Nodes in /dev.
[[0;32m  OK  [0m] Reached target Shutdown.
[  968.803760] reboot: Power down
